2022/04/18 10:36:51 [notice] 1#1: using the "epoll" event method
2022/04/18 10:36:51 [notice] 1#1: nginx/1.21.6
2022/04/18 10:36:51 [notice] 1#1: built by gcc 10.2.1 20210110 (Debian 10.2.1-6) 
2022/04/18 10:36:51 [notice] 1#1: OS: Linux 5.10.16.3-microsoft-standard-WSL2
2022/04/18 10:36:51 [notice] 1#1: getrlimit(RLIMIT_NOFILE): 1048576:1048576
2022/04/18 10:36:51 [notice] 1#1: start worker processes
2022/04/18 10:36:51 [notice] 1#1: start worker process 22
2022/04/18 10:36:51 [notice] 1#1: start worker process 23
2022/04/18 10:36:51 [notice] 1#1: start worker process 24
2022/04/18 10:36:51 [notice] 1#1: start worker process 25
2022/04/18 10:36:51 [notice] 1#1: start worker process 26
2022/04/18 10:36:51 [notice] 1#1: start worker process 27
2022/04/18 10:36:51 [notice] 1#1: start worker process 28
2022/04/18 10:36:51 [notice] 1#1: start worker process 29
2022/04/18 10:36:51 [notice] 1#1: start worker process 30
2022/04/18 10:36:51 [notice] 1#1: start worker process 31
2022/04/18 10:36:51 [notice] 1#1: start worker process 32
2022/04/18 10:36:51 [notice] 1#1: start worker process 33
2022/04/18 12:33:52 [notice] 1#1: signal 3 (SIGQUIT) received, shutting down
2022/04/18 12:33:52 [notice] 22#22: gracefully shutting down
2022/04/18 12:33:52 [notice] 27#27: gracefully shutting down
2022/04/18 12:33:52 [notice] 23#23: gracefully shutting down
2022/04/18 12:33:52 [notice] 24#24: gracefully shutting down
2022/04/18 12:33:52 [notice] 25#25: gracefully shutting down
2022/04/18 12:33:52 [notice] 26#26: gracefully shutting down
2022/04/18 12:33:52 [notice] 28#28: gracefully shutting down
2022/04/18 12:33:52 [notice] 29#29: gracefully shutting down
2022/04/18 12:33:52 [notice] 31#31: gracefully shutting down
2022/04/18 12:33:52 [notice] 23#23: exiting
2022/04/18 12:33:52 [notice] 32#32: gracefully shutting down
2022/04/18 12:33:52 [notice] 24#24: exiting
2022/04/18 12:33:52 [notice] 30#30: gracefully shutting down
2022/04/18 12:33:52 [notice] 33#33: gracefully shutting down
2022/04/18 12:33:52 [notice] 27#27: exiting
2022/04/18 12:33:52 [notice] 22#22: exiting
2022/04/18 12:33:52 [notice] 26#26: exiting
2022/04/18 12:33:52 [notice] 25#25: exiting
2022/04/18 12:33:52 [notice] 22#22: exit
2022/04/18 12:33:52 [notice] 28#28: exiting
2022/04/18 12:33:52 [notice] 25#25: exit
2022/04/18 12:33:52 [notice] 31#31: exiting
2022/04/18 12:33:52 [notice] 30#30: exiting
2022/04/18 12:33:52 [notice] 29#29: exiting
2022/04/18 12:33:52 [notice] 27#27: exit
2022/04/18 12:33:52 [notice] 24#24: exit
2022/04/18 12:33:52 [notice] 23#23: exit
2022/04/18 12:33:52 [notice] 26#26: exit
2022/04/18 12:33:52 [notice] 32#32: exiting
2022/04/18 12:33:52 [notice] 28#28: exit
2022/04/18 12:33:52 [notice] 33#33: exiting
2022/04/18 12:33:52 [notice] 31#31: exit
2022/04/18 12:33:52 [notice] 30#30: exit
2022/04/18 12:33:52 [notice] 29#29: exit
2022/04/18 12:33:52 [notice] 32#32: exit
2022/04/18 12:33:52 [notice] 33#33: exit
2022/04/18 12:33:52 [notice] 1#1: signal 17 (SIGCHLD) received from 27
2022/04/18 12:33:52 [notice] 1#1: worker process 27 exited with code 0
2022/04/18 12:33:52 [notice] 1#1: signal 29 (SIGIO) received
2022/04/18 12:33:52 [notice] 1#1: signal 17 (SIGCHLD) received from 23
2022/04/18 12:33:52 [notice] 1#1: worker process 23 exited with code 0
2022/04/18 12:33:52 [notice] 1#1: worker process 24 exited with code 0
2022/04/18 12:33:52 [notice] 1#1: worker process 31 exited with code 0
2022/04/18 12:33:52 [notice] 1#1: signal 29 (SIGIO) received
2022/04/18 12:33:52 [notice] 1#1: signal 17 (SIGCHLD) received from 25
2022/04/18 12:33:52 [notice] 1#1: worker process 25 exited with code 0
2022/04/18 12:33:52 [notice] 1#1: worker process 26 exited with code 0
2022/04/18 12:33:52 [notice] 1#1: worker process 30 exited with code 0
2022/04/18 12:33:52 [notice] 1#1: worker process 32 exited with code 0
2022/04/18 12:33:52 [notice] 1#1: signal 29 (SIGIO) received
2022/04/18 12:33:52 [notice] 1#1: signal 17 (SIGCHLD) received from 26
2022/04/18 12:33:52 [notice] 1#1: signal 17 (SIGCHLD) received from 28
2022/04/18 12:33:52 [notice] 1#1: worker process 28 exited with code 0
2022/04/18 12:33:52 [notice] 1#1: signal 29 (SIGIO) received
2022/04/18 12:33:52 [notice] 1#1: signal 17 (SIGCHLD) received from 29
2022/04/18 12:33:52 [notice] 1#1: worker process 29 exited with code 0
2022/04/18 12:33:52 [notice] 1#1: signal 29 (SIGIO) received
2022/04/18 12:33:52 [notice] 1#1: signal 17 (SIGCHLD) received from 22
2022/04/18 12:33:52 [notice] 1#1: worker process 22 exited with code 0
2022/04/18 12:33:52 [notice] 1#1: worker process 33 exited with code 0
2022/04/18 12:33:52 [notice] 1#1: exit
2022/04/18 12:33:54 [notice] 1#1: using the "epoll" event method
2022/04/18 12:33:54 [notice] 1#1: nginx/1.21.6
2022/04/18 12:33:54 [notice] 1#1: built by gcc 10.2.1 20210110 (Debian 10.2.1-6) 
2022/04/18 12:33:54 [notice] 1#1: OS: Linux 5.10.16.3-microsoft-standard-WSL2
2022/04/18 12:33:54 [notice] 1#1: getrlimit(RLIMIT_NOFILE): 1048576:1048576
2022/04/18 12:33:54 [notice] 1#1: start worker processes
2022/04/18 12:33:54 [notice] 1#1: start worker process 23
2022/04/18 12:33:54 [notice] 1#1: start worker process 24
2022/04/18 12:33:54 [notice] 1#1: start worker process 25
2022/04/18 12:33:54 [notice] 1#1: start worker process 26
2022/04/18 12:33:54 [notice] 1#1: start worker process 27
2022/04/18 12:33:54 [notice] 1#1: start worker process 28
2022/04/18 12:33:54 [notice] 1#1: start worker process 29
2022/04/18 12:33:54 [notice] 1#1: start worker process 30
2022/04/18 12:33:54 [notice] 1#1: start worker process 31
2022/04/18 12:33:54 [notice] 1#1: start worker process 32
2022/04/18 12:33:54 [notice] 1#1: start worker process 33
2022/04/18 12:33:54 [notice] 1#1: start worker process 34
2022/04/18 12:35:20 [notice] 1#1: signal 3 (SIGQUIT) received, shutting down
2022/04/18 12:35:20 [notice] 23#23: gracefully shutting down
2022/04/18 12:35:20 [notice] 32#32: gracefully shutting down
2022/04/18 12:35:20 [notice] 24#24: gracefully shutting down
2022/04/18 12:35:20 [notice] 25#25: gracefully shutting down
2022/04/18 12:35:20 [notice] 28#28: gracefully shutting down
2022/04/18 12:35:20 [notice] 29#29: gracefully shutting down
2022/04/18 12:35:20 [notice] 27#27: gracefully shutting down
2022/04/18 12:35:20 [notice] 30#30: gracefully shutting down
2022/04/18 12:35:20 [notice] 31#31: gracefully shutting down
2022/04/18 12:35:20 [notice] 26#26: gracefully shutting down
2022/04/18 12:35:20 [notice] 33#33: gracefully shutting down
2022/04/18 12:35:20 [notice] 34#34: gracefully shutting down
2022/04/18 12:35:20 [notice] 23#23: exiting
2022/04/18 12:35:20 [notice] 32#32: exiting
2022/04/18 12:35:20 [notice] 24#24: exiting
2022/04/18 12:35:20 [notice] 25#25: exiting
2022/04/18 12:35:20 [notice] 28#28: exiting
2022/04/18 12:35:20 [notice] 29#29: exiting
2022/04/18 12:35:20 [notice] 27#27: exiting
2022/04/18 12:35:20 [notice] 30#30: exiting
2022/04/18 12:35:20 [notice] 31#31: exiting
2022/04/18 12:35:20 [notice] 26#26: exiting
2022/04/18 12:35:20 [notice] 33#33: exiting
2022/04/18 12:35:20 [notice] 34#34: exiting
2022/04/18 12:35:20 [notice] 23#23: exit
2022/04/18 12:35:20 [notice] 32#32: exit
2022/04/18 12:35:20 [notice] 24#24: exit
2022/04/18 12:35:20 [notice] 25#25: exit
2022/04/18 12:35:20 [notice] 28#28: exit
2022/04/18 12:35:20 [notice] 27#27: exit
2022/04/18 12:35:20 [notice] 29#29: exit
2022/04/18 12:35:20 [notice] 30#30: exit
2022/04/18 12:35:20 [notice] 31#31: exit
2022/04/18 12:35:20 [notice] 33#33: exit
2022/04/18 12:35:20 [notice] 26#26: exit
2022/04/18 12:35:20 [notice] 34#34: exit
2022/04/18 12:35:20 [notice] 1#1: signal 17 (SIGCHLD) received from 30
2022/04/18 12:35:20 [notice] 1#1: worker process 23 exited with code 0
2022/04/18 12:35:20 [notice] 1#1: worker process 25 exited with code 0
2022/04/18 12:35:20 [notice] 1#1: worker process 27 exited with code 0
2022/04/18 12:35:20 [notice] 1#1: worker process 28 exited with code 0
2022/04/18 12:35:20 [notice] 1#1: worker process 30 exited with code 0
2022/04/18 12:35:20 [notice] 1#1: worker process 31 exited with code 0
2022/04/18 12:35:20 [notice] 1#1: worker process 32 exited with code 0
2022/04/18 12:35:20 [notice] 1#1: worker process 33 exited with code 0
2022/04/18 12:35:20 [notice] 1#1: signal 29 (SIGIO) received
2022/04/18 12:35:20 [notice] 1#1: signal 17 (SIGCHLD) received from 33
2022/04/18 12:35:20 [notice] 1#1: signal 17 (SIGCHLD) received from 26
2022/04/18 12:35:20 [notice] 1#1: worker process 26 exited with code 0
2022/04/18 12:35:20 [notice] 1#1: signal 29 (SIGIO) received
2022/04/18 12:35:20 [notice] 1#1: signal 17 (SIGCHLD) received from 34
2022/04/18 12:35:20 [notice] 1#1: worker process 34 exited with code 0
2022/04/18 12:35:20 [notice] 1#1: signal 29 (SIGIO) received
2022/04/18 12:35:20 [notice] 1#1: signal 17 (SIGCHLD) received from 24
2022/04/18 12:35:20 [notice] 1#1: worker process 24 exited with code 0
2022/04/18 12:35:20 [notice] 1#1: worker process 29 exited with code 0
2022/04/18 12:35:20 [notice] 1#1: exit
2022/04/18 12:35:32 [notice] 1#1: using the "epoll" event method
2022/04/18 12:35:32 [notice] 1#1: nginx/1.21.6
2022/04/18 12:35:32 [notice] 1#1: built by gcc 10.2.1 20210110 (Debian 10.2.1-6) 
2022/04/18 12:35:32 [notice] 1#1: OS: Linux 5.10.16.3-microsoft-standard-WSL2
2022/04/18 12:35:32 [notice] 1#1: getrlimit(RLIMIT_NOFILE): 1048576:1048576
2022/04/18 12:35:32 [notice] 1#1: start worker processes
2022/04/18 12:35:32 [notice] 1#1: start worker process 23
2022/04/18 12:35:32 [notice] 1#1: start worker process 24
2022/04/18 12:35:32 [notice] 1#1: start worker process 25
2022/04/18 12:35:32 [notice] 1#1: start worker process 26
2022/04/18 12:35:32 [notice] 1#1: start worker process 27
2022/04/18 12:35:32 [notice] 1#1: start worker process 28
2022/04/18 12:35:32 [notice] 1#1: start worker process 29
2022/04/18 12:35:32 [notice] 1#1: start worker process 30
2022/04/18 12:35:32 [notice] 1#1: start worker process 31
2022/04/18 12:35:32 [notice] 1#1: start worker process 32
2022/04/18 12:35:32 [notice] 1#1: start worker process 33
2022/04/18 12:35:32 [notice] 1#1: start worker process 34
2022/04/18 12:38:36 [notice] 1#1: signal 3 (SIGQUIT) received, shutting down
2022/04/18 12:38:36 [notice] 23#23: gracefully shutting down
2022/04/18 12:38:36 [notice] 24#24: gracefully shutting down
2022/04/18 12:38:36 [notice] 26#26: gracefully shutting down
2022/04/18 12:38:36 [notice] 25#25: gracefully shutting down
2022/04/18 12:38:36 [notice] 27#27: gracefully shutting down
2022/04/18 12:38:36 [notice] 28#28: gracefully shutting down
2022/04/18 12:38:36 [notice] 29#29: gracefully shutting down
2022/04/18 12:38:36 [notice] 30#30: gracefully shutting down
2022/04/18 12:38:36 [notice] 31#31: gracefully shutting down
2022/04/18 12:38:36 [notice] 32#32: gracefully shutting down
2022/04/18 12:38:36 [notice] 23#23: exiting
2022/04/18 12:38:36 [notice] 33#33: gracefully shutting down
2022/04/18 12:38:36 [notice] 34#34: gracefully shutting down
2022/04/18 12:38:36 [notice] 24#24: exiting
2022/04/18 12:38:36 [notice] 26#26: exiting
2022/04/18 12:38:36 [notice] 25#25: exiting
2022/04/18 12:38:36 [notice] 27#27: exiting
2022/04/18 12:38:36 [notice] 28#28: exiting
2022/04/18 12:38:36 [notice] 29#29: exiting
2022/04/18 12:38:36 [notice] 30#30: exiting
2022/04/18 12:38:36 [notice] 31#31: exiting
2022/04/18 12:38:36 [notice] 32#32: exiting
2022/04/18 12:38:36 [notice] 23#23: exit
2022/04/18 12:38:36 [notice] 33#33: exiting
2022/04/18 12:38:36 [notice] 34#34: exiting
2022/04/18 12:38:36 [notice] 24#24: exit
2022/04/18 12:38:36 [notice] 26#26: exit
2022/04/18 12:38:36 [notice] 25#25: exit
2022/04/18 12:38:36 [notice] 27#27: exit
2022/04/18 12:38:36 [notice] 28#28: exit
2022/04/18 12:38:36 [notice] 29#29: exit
2022/04/18 12:38:36 [notice] 31#31: exit
2022/04/18 12:38:36 [notice] 30#30: exit
2022/04/18 12:38:36 [notice] 32#32: exit
2022/04/18 12:38:36 [notice] 33#33: exit
2022/04/18 12:38:36 [notice] 34#34: exit
2022/04/18 12:38:37 [notice] 1#1: signal 17 (SIGCHLD) received from 30
2022/04/18 12:38:37 [notice] 1#1: worker process 23 exited with code 0
2022/04/18 12:38:37 [notice] 1#1: worker process 27 exited with code 0
2022/04/18 12:38:37 [notice] 1#1: worker process 29 exited with code 0
2022/04/18 12:38:37 [notice] 1#1: worker process 30 exited with code 0
2022/04/18 12:38:37 [notice] 1#1: worker process 31 exited with code 0
2022/04/18 12:38:37 [notice] 1#1: worker process 34 exited with code 0
2022/04/18 12:38:37 [notice] 1#1: signal 29 (SIGIO) received
2022/04/18 12:38:37 [notice] 1#1: signal 17 (SIGCHLD) received from 23
2022/04/18 12:38:37 [notice] 1#1: signal 17 (SIGCHLD) received from 28
2022/04/18 12:38:37 [notice] 1#1: worker process 24 exited with code 0
2022/04/18 12:38:37 [notice] 1#1: worker process 28 exited with code 0
2022/04/18 12:38:37 [notice] 1#1: signal 29 (SIGIO) received
2022/04/18 12:38:37 [notice] 1#1: signal 17 (SIGCHLD) received from 24
2022/04/18 12:38:37 [notice] 1#1: signal 17 (SIGCHLD) received from 25
2022/04/18 12:38:37 [notice] 1#1: worker process 25 exited with code 0
2022/04/18 12:38:37 [notice] 1#1: worker process 26 exited with code 0
2022/04/18 12:38:37 [notice] 1#1: worker process 32 exited with code 0
2022/04/18 12:38:37 [notice] 1#1: signal 29 (SIGIO) received
2022/04/18 12:38:37 [notice] 1#1: signal 17 (SIGCHLD) received from 33
2022/04/18 12:38:37 [notice] 1#1: worker process 33 exited with code 0
2022/04/18 12:38:37 [notice] 1#1: exit
2022/04/18 12:39:27 [notice] 1#1: using the "epoll" event method
2022/04/18 12:39:27 [notice] 1#1: nginx/1.21.6
2022/04/18 12:39:27 [notice] 1#1: built by gcc 10.2.1 20210110 (Debian 10.2.1-6) 
2022/04/18 12:39:27 [notice] 1#1: OS: Linux 5.10.16.3-microsoft-standard-WSL2
2022/04/18 12:39:27 [notice] 1#1: getrlimit(RLIMIT_NOFILE): 1048576:1048576
2022/04/18 12:39:27 [notice] 1#1: start worker processes
2022/04/18 12:39:27 [notice] 1#1: start worker process 22
2022/04/18 12:39:27 [notice] 1#1: start worker process 23
2022/04/18 12:39:27 [notice] 1#1: start worker process 24
2022/04/18 12:39:27 [notice] 1#1: start worker process 25
2022/04/18 12:39:27 [notice] 1#1: start worker process 26
2022/04/18 12:39:27 [notice] 1#1: start worker process 27
2022/04/18 12:39:27 [notice] 1#1: start worker process 28
2022/04/18 12:39:27 [notice] 1#1: start worker process 29
2022/04/18 12:39:27 [notice] 1#1: start worker process 30
2022/04/18 12:39:27 [notice] 1#1: start worker process 31
2022/04/18 12:39:27 [notice] 1#1: start worker process 32
2022/04/18 12:39:27 [notice] 1#1: start worker process 33
2022/04/18 13:11:32 [notice] 1#1: signal 3 (SIGQUIT) received, shutting down
2022/04/18 13:11:32 [notice] 22#22: gracefully shutting down
2022/04/18 13:11:32 [notice] 23#23: gracefully shutting down
2022/04/18 13:11:32 [notice] 25#25: gracefully shutting down
2022/04/18 13:11:32 [notice] 26#26: gracefully shutting down
2022/04/18 13:11:32 [notice] 27#27: gracefully shutting down
2022/04/18 13:11:32 [notice] 28#28: gracefully shutting down
2022/04/18 13:11:32 [notice] 24#24: gracefully shutting down
2022/04/18 13:11:32 [notice] 30#30: gracefully shutting down
2022/04/18 13:11:32 [notice] 29#29: gracefully shutting down
2022/04/18 13:11:32 [notice] 31#31: gracefully shutting down
2022/04/18 13:11:32 [notice] 33#33: gracefully shutting down
2022/04/18 13:11:32 [notice] 32#32: gracefully shutting down
2022/04/18 13:11:32 [notice] 22#22: exiting
2022/04/18 13:11:32 [notice] 23#23: exiting
2022/04/18 13:11:32 [notice] 25#25: exiting
2022/04/18 13:11:32 [notice] 26#26: exiting
2022/04/18 13:11:32 [notice] 27#27: exiting
2022/04/18 13:11:32 [notice] 28#28: exiting
2022/04/18 13:11:32 [notice] 24#24: exiting
2022/04/18 13:11:32 [notice] 30#30: exiting
2022/04/18 13:11:32 [notice] 29#29: exiting
2022/04/18 13:11:32 [notice] 31#31: exiting
2022/04/18 13:11:32 [notice] 33#33: exiting
2022/04/18 13:11:32 [notice] 32#32: exiting
2022/04/18 13:11:32 [notice] 22#22: exit
2022/04/18 13:11:32 [notice] 23#23: exit
2022/04/18 13:11:32 [notice] 25#25: exit
2022/04/18 13:11:32 [notice] 26#26: exit
2022/04/18 13:11:32 [notice] 27#27: exit
2022/04/18 13:11:32 [notice] 28#28: exit
2022/04/18 13:11:32 [notice] 24#24: exit
2022/04/18 13:11:32 [notice] 30#30: exit
2022/04/18 13:11:32 [notice] 29#29: exit
2022/04/18 13:11:32 [notice] 31#31: exit
2022/04/18 13:11:32 [notice] 33#33: exit
2022/04/18 13:11:32 [notice] 32#32: exit
2022/04/18 13:11:32 [notice] 1#1: signal 17 (SIGCHLD) received from 27
2022/04/18 13:11:32 [notice] 1#1: worker process 22 exited with code 0
2022/04/18 13:11:32 [notice] 1#1: worker process 27 exited with code 0
2022/04/18 13:11:32 [notice] 1#1: signal 29 (SIGIO) received
2022/04/18 13:11:32 [notice] 1#1: signal 17 (SIGCHLD) received from 22
2022/04/18 13:11:32 [notice] 1#1: signal 17 (SIGCHLD) received from 23
2022/04/18 13:11:32 [notice] 1#1: worker process 23 exited with code 0
2022/04/18 13:11:32 [notice] 1#1: worker process 26 exited with code 0
2022/04/18 13:11:32 [notice] 1#1: signal 29 (SIGIO) received
2022/04/18 13:11:32 [notice] 1#1: signal 17 (SIGCHLD) received from 29
2022/04/18 13:11:32 [notice] 1#1: worker process 28 exited with code 0
2022/04/18 13:11:32 [notice] 1#1: worker process 29 exited with code 0
2022/04/18 13:11:32 [notice] 1#1: signal 29 (SIGIO) received
2022/04/18 13:11:32 [notice] 1#1: signal 17 (SIGCHLD) received from 25
2022/04/18 13:11:32 [notice] 1#1: worker process 25 exited with code 0
2022/04/18 13:11:32 [notice] 1#1: worker process 30 exited with code 0
2022/04/18 13:11:32 [notice] 1#1: worker process 32 exited with code 0
2022/04/18 13:11:32 [notice] 1#1: signal 29 (SIGIO) received
2022/04/18 13:11:32 [notice] 1#1: signal 17 (SIGCHLD) received from 31
2022/04/18 13:11:32 [notice] 1#1: worker process 31 exited with code 0
2022/04/18 13:11:32 [notice] 1#1: signal 29 (SIGIO) received
2022/04/18 13:11:32 [notice] 1#1: signal 17 (SIGCHLD) received from 33
2022/04/18 13:11:32 [notice] 1#1: worker process 33 exited with code 0
2022/04/18 13:11:32 [notice] 1#1: signal 29 (SIGIO) received
2022/04/18 13:11:32 [notice] 1#1: signal 17 (SIGCHLD) received from 24
2022/04/18 13:11:32 [notice] 1#1: worker process 24 exited with code 0
2022/04/18 13:11:32 [notice] 1#1: exit
2022/04/18 13:22:13 [notice] 1#1: using the "epoll" event method
2022/04/18 13:22:13 [notice] 1#1: nginx/1.21.6
2022/04/18 13:22:13 [notice] 1#1: built by gcc 10.2.1 20210110 (Debian 10.2.1-6) 
2022/04/18 13:22:13 [notice] 1#1: OS: Linux 5.10.16.3-microsoft-standard-WSL2
2022/04/18 13:22:13 [notice] 1#1: getrlimit(RLIMIT_NOFILE): 1048576:1048576
2022/04/18 13:22:13 [notice] 1#1: start worker processes
2022/04/18 13:22:13 [notice] 1#1: start worker process 23
2022/04/18 13:22:13 [notice] 1#1: start worker process 24
2022/04/18 13:22:13 [notice] 1#1: start worker process 25
2022/04/18 13:22:13 [notice] 1#1: start worker process 26
2022/04/18 13:22:13 [notice] 1#1: start worker process 27
2022/04/18 13:22:13 [notice] 1#1: start worker process 28
2022/04/18 13:22:13 [notice] 1#1: start worker process 29
2022/04/18 13:22:13 [notice] 1#1: start worker process 30
2022/04/18 13:22:13 [notice] 1#1: start worker process 31
2022/04/18 13:22:13 [notice] 1#1: start worker process 32
2022/04/18 13:22:13 [notice] 1#1: start worker process 33
2022/04/18 13:22:13 [notice] 1#1: start worker process 34
2022/04/18 13:31:46 [notice] 1#1: signal 3 (SIGQUIT) received, shutting down
2022/04/18 13:31:46 [notice] 23#23: gracefully shutting down
2022/04/18 13:31:46 [notice] 33#33: gracefully shutting down
2022/04/18 13:31:46 [notice] 24#24: gracefully shutting down
2022/04/18 13:31:46 [notice] 25#25: gracefully shutting down
2022/04/18 13:31:46 [notice] 25#25: exiting
2022/04/18 13:31:46 [notice] 26#26: gracefully shutting down
2022/04/18 13:31:46 [notice] 27#27: gracefully shutting down
2022/04/18 13:31:46 [notice] 28#28: gracefully shutting down
2022/04/18 13:31:46 [notice] 29#29: gracefully shutting down
2022/04/18 13:31:46 [notice] 30#30: gracefully shutting down
2022/04/18 13:31:46 [notice] 31#31: gracefully shutting down
2022/04/18 13:31:46 [notice] 32#32: gracefully shutting down
2022/04/18 13:31:46 [notice] 23#23: exiting
2022/04/18 13:31:46 [notice] 34#34: gracefully shutting down
2022/04/18 13:31:46 [notice] 33#33: exiting
2022/04/18 13:31:46 [notice] 24#24: exiting
2022/04/18 13:31:46 [notice] 25#25: exit
2022/04/18 13:31:46 [notice] 26#26: exiting
2022/04/18 13:31:46 [notice] 27#27: exiting
2022/04/18 13:31:46 [notice] 28#28: exiting
2022/04/18 13:31:46 [notice] 29#29: exiting
2022/04/18 13:31:46 [notice] 30#30: exiting
2022/04/18 13:31:46 [notice] 31#31: exiting
2022/04/18 13:31:46 [notice] 32#32: exiting
2022/04/18 13:31:46 [notice] 23#23: exit
2022/04/18 13:31:46 [notice] 34#34: exiting
2022/04/18 13:31:46 [notice] 33#33: exit
2022/04/18 13:31:46 [notice] 24#24: exit
2022/04/18 13:31:46 [notice] 26#26: exit
2022/04/18 13:31:46 [notice] 27#27: exit
2022/04/18 13:31:46 [notice] 28#28: exit
2022/04/18 13:31:46 [notice] 29#29: exit
2022/04/18 13:31:46 [notice] 30#30: exit
2022/04/18 13:31:46 [notice] 31#31: exit
2022/04/18 13:31:46 [notice] 32#32: exit
2022/04/18 13:31:46 [notice] 34#34: exit
2022/04/18 13:31:46 [notice] 1#1: signal 17 (SIGCHLD) received from 24
2022/04/18 13:31:46 [notice] 1#1: worker process 24 exited with code 0
2022/04/18 13:31:46 [notice] 1#1: worker process 34 exited with code 0
2022/04/18 13:31:46 [notice] 1#1: signal 29 (SIGIO) received
2022/04/18 13:31:46 [notice] 1#1: signal 17 (SIGCHLD) received from 31
2022/04/18 13:31:46 [notice] 1#1: worker process 23 exited with code 0
2022/04/18 13:31:46 [notice] 1#1: worker process 26 exited with code 0
2022/04/18 13:31:46 [notice] 1#1: worker process 31 exited with code 0
2022/04/18 13:31:46 [notice] 1#1: signal 29 (SIGIO) received
2022/04/18 13:31:46 [notice] 1#1: signal 17 (SIGCHLD) received from 32
2022/04/18 13:31:46 [notice] 1#1: worker process 25 exited with code 0
2022/04/18 13:31:46 [notice] 1#1: worker process 27 exited with code 0
2022/04/18 13:31:46 [notice] 1#1: worker process 28 exited with code 0
2022/04/18 13:31:46 [notice] 1#1: worker process 30 exited with code 0
2022/04/18 13:31:46 [notice] 1#1: worker process 32 exited with code 0
2022/04/18 13:31:46 [notice] 1#1: signal 29 (SIGIO) received
2022/04/18 13:31:46 [notice] 1#1: signal 17 (SIGCHLD) received from 33
2022/04/18 13:31:46 [notice] 1#1: worker process 33 exited with code 0
2022/04/18 13:31:46 [notice] 1#1: signal 29 (SIGIO) received
2022/04/18 13:31:46 [notice] 1#1: signal 17 (SIGCHLD) received from 29
2022/04/18 13:31:46 [notice] 1#1: worker process 29 exited with code 0
2022/04/18 13:31:46 [notice] 1#1: exit
2022/04/18 16:08:14 [notice] 1#1: using the "epoll" event method
2022/04/18 16:08:14 [notice] 1#1: nginx/1.21.6
2022/04/18 16:08:14 [notice] 1#1: built by gcc 10.2.1 20210110 (Debian 10.2.1-6) 
2022/04/18 16:08:14 [notice] 1#1: OS: Linux 5.10.16.3-microsoft-standard-WSL2
2022/04/18 16:08:14 [notice] 1#1: getrlimit(RLIMIT_NOFILE): 1048576:1048576
2022/04/18 16:08:14 [notice] 1#1: start worker processes
2022/04/18 16:08:14 [notice] 1#1: start worker process 22
2022/04/18 16:08:14 [notice] 1#1: start worker process 23
2022/04/18 16:08:14 [notice] 1#1: start worker process 24
2022/04/18 16:08:14 [notice] 1#1: start worker process 25
2022/04/18 16:08:14 [notice] 1#1: start worker process 26
2022/04/18 16:08:14 [notice] 1#1: start worker process 27
2022/04/18 16:08:14 [notice] 1#1: start worker process 28
2022/04/18 16:08:14 [notice] 1#1: start worker process 29
2022/04/18 16:08:14 [notice] 1#1: start worker process 30
2022/04/18 16:08:14 [notice] 1#1: start worker process 31
2022/04/18 16:08:14 [notice] 1#1: start worker process 32
2022/04/18 16:08:14 [notice] 1#1: start worker process 33
